<?xml version="1.0" encoding="UTF-8"?>
<!-- Generated by org.testng.reporters.JUnitReportReporter -->
<testsuite hostname="Pawan" failures="0" tests="3" name="testClass.TestClass1" time="20.692" errors="0" timestamp="2022-11-20T15:54:15 IST" skipped="0">
  <testcase classname="testClass.TestClass1" name="test3" time="8.516"/>
  <system-out/>
  <testcase classname="testClass.TestClass1" name="test1" time="6.483"/>
  <system-out/>
  <testcase classname="testClass.TestClass1" name="test2" time="5.693"/>
  <system-out/>
</testsuite> <!-- testClass.TestClass1 -->
