<?xml version="1.0" encoding="UTF-8"?>
<!-- Generated by org.testng.reporters.JUnitReportReporter -->
<testsuite hostname="Pawan" failures="0" tests="3" name="testClass.TestClass1" time="19.369" errors="0" timestamp="2022-11-20T16:05:44 IST" skipped="0">
  <testcase classname="testClass.TestClass1" name="test3" time="6.977"/>
  <system-out/>
  <testcase classname="testClass.TestClass1" name="test2" time="7.532"/>
  <system-out/>
  <testcase classname="testClass.TestClass1" name="test1" time="4.860"/>
  <system-out/>
</testsuite> <!-- testClass.TestClass1 -->
